[2024-12-08T00:00:00.985+0000] {taskinstance.py:1956} INFO - Dependencies all met for dep_context=non-requeueable deps ti=<TaskInstance: weather_dag.Is_weather_api_ready scheduled__2024-12-07T00:00:00+00:00 [queued]>
[2024-12-08T00:00:00.994+0000] {taskinstance.py:1956} INFO - Dependencies all met for dep_context=requeueable deps ti=<TaskInstance: weather_dag.Is_weather_api_ready scheduled__2024-12-07T00:00:00+00:00 [queued]>
[2024-12-08T00:00:00.994+0000] {taskinstance.py:2170} INFO - Starting attempt 1 of 3
[2024-12-08T00:00:01.004+0000] {taskinstance.py:2191} INFO - Executing <Task(HttpSensor): Is_weather_api_ready> on 2024-12-07 00:00:00+00:00
[2024-12-08T00:00:01.012+0000] {standard_task_runner.py:60} INFO - Started process 24773 to run task
[2024-12-08T00:00:01.014+0000] {standard_task_runner.py:87} INFO - Running: ['***', 'tasks', 'run', 'weather_dag', 'Is_weather_api_ready', 'scheduled__2024-12-07T00:00:00+00:00', '--job-id', '415', '--raw', '--subdir', 'DAGS_FOLDER/extract.py', '--cfg-path', '/tmp/tmpypk67z7j']
[2024-12-08T00:00:01.016+0000] {standard_task_runner.py:88} INFO - Job 415: Subtask Is_weather_api_ready
[2024-12-08T00:00:01.026+0000] {warnings.py:109} WARNING - /home/***/.local/lib/python3.8/site-packages/***/settings.py:194: DeprecationWarning: The sql_alchemy_conn option in [core] has been moved to the sql_alchemy_conn option in [database] - the old setting has been used, but please update your config.
  SQL_ALCHEMY_CONN = conf.get("database", "SQL_ALCHEMY_CONN")

[2024-12-08T00:00:01.057+0000] {task_command.py:423} INFO - Running <TaskInstance: weather_dag.Is_weather_api_ready scheduled__2024-12-07T00:00:00+00:00 [running]> on host 8271fbcad3f4
[2024-12-08T00:00:01.123+0000] {taskinstance.py:2480} INFO - Exporting env vars: AIRFLOW_CTX_DAG_EMAIL='thiernosidybah232@gmail.com' AIRFLOW_CTX_DAG_OWNER='***' AIRFLOW_CTX_DAG_ID='weather_dag' AIRFLOW_CTX_TASK_ID='Is_weather_api_ready' AIRFLOW_CTX_EXECUTION_DATE='2024-12-07T00:00:00+00:00' AIRFLOW_CTX_TRY_NUMBER='1' AIRFLOW_CTX_DAG_RUN_ID='scheduled__2024-12-07T00:00:00+00:00'
[2024-12-08T00:00:01.124+0000] {http.py:130} INFO - Poking: /data/2.5/weather?q=Nantes&appid=92a2228961d1701676a43daabb355f4d
[2024-12-08T00:00:01.134+0000] {base.py:83} INFO - Using connection ID 'weathermap_api' for task execution.
[2024-12-08T00:00:01.140+0000] {http.py:221} WARNING - HTTPSConnectionPool(host='api.openweathermap.org', port=443): Max retries exceeded with url: /data/2.5/weather?q=Nantes&appid=92a2228961d1701676a43daabb355f4d (Caused by NewConnectionError('<urllib3.connection.HTTPSConnection object at 0x77b5bec72790>: Failed to establish a new connection: [Errno -3] Temporary failure in name resolution')) Tenacity will retry to execute the operation
[2024-12-08T00:00:01.141+0000] {taskinstance.py:2698} ERROR - Task failed with exception
Traceback (most recent call last):
  File "/home/airflow/.local/lib/python3.8/site-packages/urllib3/connection.py", line 174, in _new_conn
    conn = connection.create_connection(
  File "/home/airflow/.local/lib/python3.8/site-packages/urllib3/util/connection.py", line 72, in create_connection
    for res in socket.getaddrinfo(host, port, family, socket.SOCK_STREAM):
  File "/usr/local/lib/python3.8/socket.py", line 918, in getaddrinfo
    for res in _socket.getaddrinfo(host, port, family, type, proto, flags):
socket.gaierror: [Errno -3] Temporary failure in name resolution

During handling of the above exception, another exception occurred:

Traceback (most recent call last):
  File "/home/airflow/.local/lib/python3.8/site-packages/urllib3/connectionpool.py", line 715, in urlopen
    httplib_response = self._make_request(
  File "/home/airflow/.local/lib/python3.8/site-packages/urllib3/connectionpool.py", line 404, in _make_request
    self._validate_conn(conn)
  File "/home/airflow/.local/lib/python3.8/site-packages/urllib3/connectionpool.py", line 1058, in _validate_conn
    conn.connect()
  File "/home/airflow/.local/lib/python3.8/site-packages/urllib3/connection.py", line 363, in connect
    self.sock = conn = self._new_conn()
  File "/home/airflow/.local/lib/python3.8/site-packages/urllib3/connection.py", line 186, in _new_conn
    raise NewConnectionError(
urllib3.exceptions.NewConnectionError: <urllib3.connection.HTTPSConnection object at 0x77b5bec72790>: Failed to establish a new connection: [Errno -3] Temporary failure in name resolution

During handling of the above exception, another exception occurred:

Traceback (most recent call last):
  File "/home/airflow/.local/lib/python3.8/site-packages/requests/adapters.py", line 486, in send
    resp = conn.urlopen(
  File "/home/airflow/.local/lib/python3.8/site-packages/urllib3/connectionpool.py", line 799, in urlopen
    retries = retries.increment(
  File "/home/airflow/.local/lib/python3.8/site-packages/urllib3/util/retry.py", line 592, in increment
    raise MaxRetryError(_pool, url, error or ResponseError(cause))
urllib3.exceptions.MaxRetryError: HTTPSConnectionPool(host='api.openweathermap.org', port=443): Max retries exceeded with url: /data/2.5/weather?q=Nantes&appid=92a2228961d1701676a43daabb355f4d (Caused by NewConnectionError('<urllib3.connection.HTTPSConnection object at 0x77b5bec72790>: Failed to establish a new connection: [Errno -3] Temporary failure in name resolution'))

During handling of the above exception, another exception occurred:

Traceback (most recent call last):
  File "/home/airflow/.local/lib/python3.8/site-packages/airflow/models/taskinstance.py", line 433, in _execute_task
    result = execute_callable(context=context, **execute_callable_kwargs)
  File "/home/airflow/.local/lib/python3.8/site-packages/airflow/sensors/base.py", line 265, in execute
    raise e
  File "/home/airflow/.local/lib/python3.8/site-packages/airflow/sensors/base.py", line 247, in execute
    poke_return = self.poke(context)
  File "/home/airflow/.local/lib/python3.8/site-packages/airflow/providers/http/sensors/http.py", line 132, in poke
    response = hook.run(
  File "/home/airflow/.local/lib/python3.8/site-packages/airflow/providers/http/hooks/http.py", line 166, in run
    return self.run_and_check(session, prepped_request, extra_options)
  File "/home/airflow/.local/lib/python3.8/site-packages/airflow/providers/http/hooks/http.py", line 222, in run_and_check
    raise ex
  File "/home/airflow/.local/lib/python3.8/site-packages/airflow/providers/http/hooks/http.py", line 214, in run_and_check
    response = session.send(prepped_request, **send_kwargs)
  File "/home/airflow/.local/lib/python3.8/site-packages/requests/sessions.py", line 703, in send
    r = adapter.send(request, **kwargs)
  File "/home/airflow/.local/lib/python3.8/site-packages/requests/adapters.py", line 519, in send
    raise ConnectionError(e, request=request)
requests.exceptions.ConnectionError: HTTPSConnectionPool(host='api.openweathermap.org', port=443): Max retries exceeded with url: /data/2.5/weather?q=Nantes&appid=92a2228961d1701676a43daabb355f4d (Caused by NewConnectionError('<urllib3.connection.HTTPSConnection object at 0x77b5bec72790>: Failed to establish a new connection: [Errno -3] Temporary failure in name resolution'))
[2024-12-08T00:00:01.151+0000] {taskinstance.py:1138} INFO - Marking task as UP_FOR_RETRY. dag_id=weather_dag, task_id=Is_weather_api_ready, execution_date=20241207T000000, start_date=20241208T000000, end_date=20241208T000001
[2024-12-08T00:00:01.162+0000] {standard_task_runner.py:107} ERROR - Failed to execute job 415 for task Is_weather_api_ready (HTTPSConnectionPool(host='api.openweathermap.org', port=443): Max retries exceeded with url: /data/2.5/weather?q=Nantes&appid=92a2228961d1701676a43daabb355f4d (Caused by NewConnectionError('<urllib3.connection.HTTPSConnection object at 0x77b5bec72790>: Failed to establish a new connection: [Errno -3] Temporary failure in name resolution')); 24773)
[2024-12-08T00:00:01.187+0000] {local_task_job_runner.py:234} INFO - Task exited with return code 1
[2024-12-08T00:00:01.219+0000] {taskinstance.py:3280} INFO - 0 downstream tasks scheduled from follow-on schedule check
